# JRE version: Java(TM) SE Runtime Environment (25.0.2+10) (build 25.0.2+10-LTS-69)
# Java VM: Java HotSpot(TM) 64-Bit Server VM (25.0.2+10-LTS-69, mixed mode, sharing, tiered, compressed oops, compressed class ptrs, g1 gc, windows-amd64)
GC Precious Log:
 CardTable entry size: 512
 Card Set container configuration: InlinePtr #cards 4 size 8 Array Of Cards #cards 16 size 48 Howl #buckets 8 coarsen threshold 3686 Howl Bitmap #cards 512 size 80 coarsen threshold 460 Card regions per heap region 1 cards per card region 4096
 CPUs: 12 total, 12 available
 Memory: 16310M
 Large Page Support: Disabled
 NUMA Support: Disabled
 Compressed Oops: Enabled (Zero based)
 Heap Region Size: 2M
 Heap Min Capacity: 8M
 Heap Initial Capacity: 256M
 Heap Max Capacity: 4078M
 Pre-touch: Disabled
 Parallel Workers: 10
 Concurrent Workers: 3
 Concurrent Refinement Workers: 10
 Periodic GC: Disabled
Heap:
 garbage-first heap   total reserved 4175872K, committed 75776K, used 37616K [0x0000000701200000, 0x0000000800000000)
  region size 2048K, 9 young (18432K), 3 survivors (6144K)
GC Heap Usage History (14 events):
Event: 0.787 {heap Before GC invocations=0 (full 0):
 garbage-first heap   total reserved 4175872K, committed 264192K, used 48277K [0x0000000701200000, 0x0000000800000000)
  region size 2048K, 24 young (49152K), 0 survivors (0K)
}
Event: 0.792 {heap After GC invocations=1 (full 0):
 garbage-first heap   total reserved 4175872K, committed 264192K, used 11365K [0x0000000701200000, 0x0000000800000000)
  region size 2048K, 3 young (6144K), 3 survivors (6144K)
}
Event: 1.442 {heap Before GC invocations=1 (full 0):
 garbage-first heap   total reserved 4175872K, committed 264192K, used 68709K [0x0000000701200000, 0x0000000800000000)
  region size 2048K, 32 young (65536K), 3 survivors (6144K)
}
Event: 1.448 {heap After GC invocations=2 (full 0):
 garbage-first heap   total reserved 4175872K, committed 264192K, used 16058K [0x0000000701200000, 0x0000000800000000)
  region size 2048K, 6 young (12288K), 6 survivors (12288K)
}
Event: 2.054 {heap Before GC invocations=3 (full 0):
 garbage-first heap   total reserved 4175872K, committed 61440K, used 59066K [0x0000000701200000, 0x0000000800000000)
  region size 2048K, 27 young (55296K), 6 survivors (12288K)
}
Event: 2.062 {heap After GC invocations=4 (full 0):
 garbage-first heap   total reserved 4175872K, committed 75776K, used 19261K [0x0000000701200000, 0x0000000800000000)
  region size 2048K, 7 young (14336K), 7 survivors (14336K)
}
Event: 2.359 {heap Before GC invocations=4 (full 0):
 garbage-first heap   total reserved 4175872K, committed 75776K, used 49981K [0x0000000701200000, 0x0000000800000000)
  region size 2048K, 22 young (45056K), 7 survivors (14336K)
}
Event: 2.371 {heap After GC invocations=5 (full 0):
 garbage-first heap   total reserved 4175872K, committed 75776K, used 21009K [0x0000000701200000, 0x0000000800000000)
  region size 2048K, 2 young (4096K), 2 survivors (4096K)
}
Event: 2.772 {heap Before GC invocations=5 (full 0):
 garbage-first heap   total reserved 4175872K, committed 75776K, used 53777K [0x0000000701200000, 0x0000000800000000)
  region size 2048K, 19 young (38912K), 2 survivors (4096K)
}
Event: 2.776 {heap After GC invocations=6 (full 0):
 garbage-first heap   total reserved 4175872K, committed 75776K, used 23157K [0x0000000701200000, 0x0000000800000000)
  region size 2048K, 3 young (6144K), 3 survivors (6144K)
}
Event: 3.076 {heap Before GC invocations=7 (full 0):
 garbage-first heap   total reserved 4175872K, committed 75776K, used 57973K [0x0000000701200000, 0x0000000800000000)
  region size 2048K, 20 young (40960K), 3 survivors (6144K)
}
Event: 3.080 {heap After GC invocations=8 (full 0):
 garbage-first heap   total reserved 4175872K, committed 75776K, used 25232K [0x0000000701200000, 0x0000000800000000)
  region size 2048K, 3 young (6144K), 3 survivors (6144K)
}
Event: 3.317 {heap Before GC invocations=8 (full 0):
 garbage-first heap   total reserved 4175872K, committed 75776K, used 60048K [0x0000000701200000, 0x0000000800000000)
  region size 2048K, 20 young (40960K), 3 survivors (6144K)
}
Event: 3.321 {heap After GC invocations=9 (full 0):
 garbage-first heap   total reserved 4175872K, committed 75776K, used 27376K [0x0000000701200000, 0x0000000800000000)
  region size 2048K, 3 young (6144K), 3 survivors (6144K)
}

