# JRE version: Java(TM) SE Runtime Environment (25.0.2+10) (build 25.0.2+10-LTS-69)
# Java VM: Java HotSpot(TM) 64-Bit Server VM (25.0.2+10-LTS-69, mixed mode, sharing, tiered, compressed oops, compressed class ptrs, g1 gc, windows-amd64)
GC Precious Log:
 CardTable entry size: 512
 Card Set container configuration: InlinePtr #cards 4 size 8 Array Of Cards #cards 16 size 48 Howl #buckets 8 coarsen threshold 3686 Howl Bitmap #cards 512 size 80 coarsen threshold 460 Card regions per heap region 1 cards per card region 4096
 CPUs: 12 total, 12 available
 Memory: 16310M
 Large Page Support: Disabled
 NUMA Support: Disabled
 Compressed Oops: Enabled (Zero based)
 Heap Region Size: 2M
 Heap Min Capacity: 8M
 Heap Initial Capacity: 256M
 Heap Max Capacity: 4078M
 Pre-touch: Disabled
 Parallel Workers: 10
 Concurrent Workers: 3
 Concurrent Refinement Workers: 10
 Periodic GC: Disabled
Heap:
 garbage-first heap   total reserved 4175872K, committed 90112K, used 74701K [0x0000000701200000, 0x0000000800000000)
  region size 2048K, 27 young (55296K), 4 survivors (8192K)
GC Heap Usage History (17 events):
Event: 0.838 {heap Before GC invocations=0 (full 0):
 garbage-first heap   total reserved 4175872K, committed 264192K, used 48277K [0x0000000701200000, 0x0000000800000000)
  region size 2048K, 24 young (49152K), 0 survivors (0K)
}
Event: 0.843 {heap After GC invocations=1 (full 0):
 garbage-first heap   total reserved 4175872K, committed 264192K, used 10938K [0x0000000701200000, 0x0000000800000000)
  region size 2048K, 3 young (6144K), 3 survivors (6144K)
}
Event: 1.540 {heap Before GC invocations=1 (full 0):
 garbage-first heap   total reserved 4175872K, committed 264192K, used 68282K [0x0000000701200000, 0x0000000800000000)
  region size 2048K, 32 young (65536K), 3 survivors (6144K)
}
Event: 1.546 {heap After GC invocations=2 (full 0):
 garbage-first heap   total reserved 4175872K, committed 264192K, used 15790K [0x0000000701200000, 0x0000000800000000)
  region size 2048K, 6 young (12288K), 6 survivors (12288K)
}
Event: 1.982 {heap Before GC invocations=3 (full 0):
 garbage-first heap   total reserved 4175872K, committed 61440K, used 40366K [0x0000000701200000, 0x0000000800000000)
  region size 2048K, 18 young (36864K), 6 survivors (12288K)
}
Event: 1.990 {heap After GC invocations=4 (full 0):
 garbage-first heap   total reserved 4175872K, committed 61440K, used 18317K [0x0000000701200000, 0x0000000800000000)
  region size 2048K, 2 young (4096K), 2 survivors (4096K)
}
Event: 2.229 {heap Before GC invocations=4 (full 0):
 garbage-first heap   total reserved 4175872K, committed 61440K, used 40845K [0x0000000701200000, 0x0000000800000000)
  region size 2048K, 13 young (26624K), 2 survivors (4096K)
}
Event: 2.235 {heap After GC invocations=5 (full 0):
 garbage-first heap   total reserved 4175872K, committed 61440K, used 19914K [0x0000000701200000, 0x0000000800000000)
  region size 2048K, 2 young (4096K), 2 survivors (4096K)
}
Event: 2.492 {heap Before GC invocations=5 (full 0):
 garbage-first heap   total reserved 4175872K, committed 61440K, used 44490K [0x0000000701200000, 0x0000000800000000)
  region size 2048K, 14 young (28672K), 2 survivors (4096K)
}
Event: 2.499 {heap After GC invocations=6 (full 0):
 garbage-first heap   total reserved 4175872K, committed 61440K, used 21842K [0x0000000701200000, 0x0000000800000000)
  region size 2048K, 2 young (4096K), 2 survivors (4096K)
}
Event: 2.778 {heap Before GC invocations=6 (full 0):
 garbage-first heap   total reserved 4175872K, committed 61440K, used 44370K [0x0000000701200000, 0x0000000800000000)
  region size 2048K, 14 young (28672K), 2 survivors (4096K)
}
Event: 2.781 {heap After GC invocations=7 (full 0):
 garbage-first heap   total reserved 4175872K, committed 61440K, used 23581K [0x0000000701200000, 0x0000000800000000)
  region size 2048K, 2 young (4096K), 2 survivors (4096K)
}
Event: 2.913 {heap Before GC invocations=7 (full 0):
 garbage-first heap   total reserved 4175872K, committed 61440K, used 31773K [0x0000000701200000, 0x0000000800000000)
  region size 2048K, 8 young (16384K), 2 survivors (4096K)
}
Event: 2.916 {heap After GC invocations=8 (full 0):
 garbage-first heap   total reserved 4175872K, committed 161792K, used 24966K [0x0000000701200000, 0x0000000800000000)
  region size 2048K, 2 young (4096K), 2 survivors (4096K)
}
Event: 3.367 {heap Before GC invocations=9 (full 0):
 garbage-first heap   total reserved 4175872K, committed 90112K, used 74118K [0x0000000701200000, 0x0000000800000000)
  region size 2048K, 26 young (53248K), 2 survivors (4096K)
}
Event: 3.370 {heap After GC invocations=10 (full 0):
 garbage-first heap   total reserved 4175872K, committed 90112K, used 27597K [0x0000000701200000, 0x0000000800000000)
  region size 2048K, 3 young (6144K), 3 survivors (6144K)
}
Event: 3.722 {heap Before GC invocations=10 (full 0):
 garbage-first heap   total reserved 4175872K, committed 90112K, used 74701K [0x0000000701200000, 0x0000000800000000)
  region size 2048K, 26 young (53248K), 3 survivors (6144K)
}

