# JRE version: OpenJDK Runtime Environment Microsoft-13106358 (17.0.18+8) (build 17.0.18+8-LTS)
# Java VM: OpenJDK 64-Bit Server VM Microsoft-13106358 (17.0.18+8-LTS, mixed mode, sharing, tiered, compressed oops, compressed class ptrs, g1 gc, windows-amd64)
GC Precious Log:
 CPUs: 12 total, 12 available
 Memory: 16310M
 Large Page Support: Disabled
 NUMA Support: Disabled
 Compressed Oops: Enabled (Zero based)
 Heap Region Size: 2M
 Heap Min Capacity: 8M
 Heap Initial Capacity: 256M
 Heap Max Capacity: 4078M
 Pre-touch: Disabled
 Parallel Workers: 10
 Concurrent Workers: 3
 Concurrent Refinement Workers: 10
 Periodic GC: Disabled
Heap:
 garbage-first heap   total 176128K, used 59455K [0x0000000701200000, 0x0000000800000000)
  region size 2048K, 16 young (32768K), 5 survivors (10240K)
 Metaspace       used 84384K, committed 85056K, reserved 1179648K
  class space    used 11688K, committed 12032K, reserved 1048576K
GC Heap History (20 events):
Event: 2.101 GC heap before
{Heap before GC invocations=5 (full 0):
 garbage-first heap   total 75776K, used 56086K [0x0000000701200000, 0x0000000800000000)
  region size 2048K, 23 young (47104K), 4 survivors (8192K)
 Metaspace       used 28791K, committed 29184K, reserved 1114112K
  class space    used 3644K, committed 3840K, reserved 1048576K
}
Event: 2.107 GC heap after
{Heap after GC invocations=6 (full 0):
 garbage-first heap   total 75776K, used 20079K [0x0000000701200000, 0x0000000800000000)
  region size 2048K, 2 young (4096K), 2 survivors (4096K)
 Metaspace       used 28791K, committed 29184K, reserved 1114112K
  class space    used 3644K, committed 3840K, reserved 1048576K
}
Event: 2.119 GC heap before
{Heap before GC invocations=6 (full 0):
 garbage-first heap   total 75776K, used 20079K [0x0000000701200000, 0x0000000800000000)
  region size 2048K, 3 young (6144K), 2 survivors (4096K)
 Metaspace       used 29295K, committed 29760K, reserved 1114112K
  class space    used 3684K, committed 3904K, reserved 1048576K
}
Event: 2.122 GC heap after
{Heap after GC invocations=7 (full 0):
 garbage-first heap   total 75776K, used 20571K [0x0000000701200000, 0x0000000800000000)
  region size 2048K, 1 young (2048K), 1 survivors (2048K)
 Metaspace       used 29295K, committed 29760K, reserved 1114112K
  class space    used 3684K, committed 3904K, reserved 1048576K
}
Event: 2.469 GC heap before
{Heap before GC invocations=7 (full 0):
 garbage-first heap   total 75776K, used 49243K [0x0000000701200000, 0x0000000800000000)
  region size 2048K, 15 young (30720K), 1 survivors (2048K)
 Metaspace       used 31545K, committed 31936K, reserved 1114112K
  class space    used 3968K, committed 4160K, reserved 1048576K
}
Event: 2.472 GC heap after
{Heap after GC invocations=8 (full 0):
 garbage-first heap   total 133120K, used 22032K [0x0000000701200000, 0x0000000800000000)
  region size 2048K, 2 young (4096K), 2 survivors (4096K)
 Metaspace       used 31545K, committed 31936K, reserved 1114112K
  class space    used 3968K, committed 4160K, reserved 1048576K
}
Event: 3.032 GC heap before
{Heap before GC invocations=8 (full 0):
 garbage-first heap   total 133120K, used 50704K [0x0000000701200000, 0x0000000800000000)
  region size 2048K, 17 young (34816K), 2 survivors (4096K)
 Metaspace       used 35887K, committed 36288K, reserved 1114112K
  class space    used 4657K, committed 4864K, reserved 1048576K
}
Event: 3.036 GC heap after
{Heap after GC invocations=9 (full 0):
 garbage-first heap   total 133120K, used 23907K [0x0000000701200000, 0x0000000800000000)
  region size 2048K, 3 young (6144K), 3 survivors (6144K)
 Metaspace       used 35887K, committed 36288K, reserved 1114112K
  class space    used 4657K, committed 4864K, reserved 1048576K
}
Event: 3.865 GC heap before
{Heap before GC invocations=10 (full 0):
 garbage-first heap   total 96256K, used 75107K [0x0000000701200000, 0x0000000800000000)
  region size 2048K, 28 young (57344K), 3 survivors (6144K)
 Metaspace       used 42688K, committed 43136K, reserved 1114112K
  class space    used 5589K, committed 5824K, reserved 1048576K
}
Event: 3.875 GC heap after
{Heap after GC invocations=11 (full 0):
 garbage-first heap   total 96256K, used 27944K [0x0000000701200000, 0x0000000800000000)
  region size 2048K, 4 young (8192K), 4 survivors (8192K)
 Metaspace       used 42688K, committed 43136K, reserved 1114112K
  class space    used 5589K, committed 5824K, reserved 1048576K
}
Event: 3.905 GC heap before
{Heap before GC invocations=11 (full 0):
 garbage-first heap   total 96256K, used 29992K [0x0000000701200000, 0x0000000800000000)
  region size 2048K, 5 young (10240K), 4 survivors (8192K)
 Metaspace       used 42880K, committed 43392K, reserved 1114112K
  class space    used 5611K, committed 5888K, reserved 1048576K
}
Event: 3.916 GC heap after
{Heap after GC invocations=12 (full 0):
 garbage-first heap   total 96256K, used 28503K [0x0000000701200000, 0x0000000800000000)
  region size 2048K, 1 young (2048K), 1 survivors (2048K)
 Metaspace       used 42880K, committed 43392K, reserved 1114112K
  class space    used 5611K, committed 5888K, reserved 1048576K
}
Event: 5.799 GC heap before
{Heap before GC invocations=12 (full 0):
 garbage-first heap   total 96256K, used 71511K [0x0000000701200000, 0x0000000800000000)
  region size 2048K, 22 young (45056K), 1 survivors (2048K)
 Metaspace       used 55081K, committed 55616K, reserved 1114112K
  class space    used 7364K, committed 7616K, reserved 1048576K
}
Event: 5.803 GC heap after
{Heap after GC invocations=13 (full 0):
 garbage-first heap   total 96256K, used 30700K [0x0000000701200000, 0x0000000800000000)
  region size 2048K, 2 young (4096K), 2 survivors (4096K)
 Metaspace       used 55081K, committed 55616K, reserved 1114112K
  class space    used 7364K, committed 7616K, reserved 1048576K
}
Event: 6.546 GC heap before
{Heap before GC invocations=13 (full 0):
 garbage-first heap   total 96256K, used 51180K [0x0000000701200000, 0x0000000800000000)
  region size 2048K, 13 young (26624K), 2 survivors (4096K)
 Metaspace       used 60118K, committed 60608K, reserved 1114112K
  class space    used 8136K, committed 8384K, reserved 1048576K
}
Event: 6.549 GC heap after
{Heap after GC invocations=14 (full 0):
 garbage-first heap   total 96256K, used 31722K [0x0000000701200000, 0x0000000800000000)
  region size 2048K, 1 young (2048K), 1 survivors (2048K)
 Metaspace       used 60118K, committed 60608K, reserved 1114112K
  class space    used 8136K, committed 8384K, reserved 1048576K
}
Event: 7.144 GC heap before
{Heap before GC invocations=15 (full 0):
 garbage-first heap   total 96256K, used 74730K [0x0000000701200000, 0x0000000800000000)
  region size 2048K, 22 young (45056K), 1 survivors (2048K)
 Metaspace       used 70804K, committed 71360K, reserved 1114112K
  class space    used 9722K, committed 9984K, reserved 1048576K
}
Event: 7.147 GC heap after
{Heap after GC invocations=16 (full 0):
 garbage-first heap   total 176128K, used 33395K [0x0000000701200000, 0x0000000800000000)
  region size 2048K, 2 young (4096K), 2 survivors (4096K)
 Metaspace       used 70804K, committed 71360K, reserved 1114112K
  class space    used 9722K, committed 9984K, reserved 1048576K
}
Event: 8.421 GC heap before
{Heap before GC invocations=16 (full 0):
 garbage-first heap   total 176128K, used 133747K [0x0000000701200000, 0x0000000800000000)
  region size 2048K, 51 young (104448K), 2 survivors (4096K)
 Metaspace       used 82601K, committed 83136K, reserved 1179648K
  class space    used 11443K, committed 11712K, reserved 1048576K
}
Event: 8.426 GC heap after
{Heap after GC invocations=17 (full 0):
 garbage-first heap   total 176128K, used 38975K [0x0000000701200000, 0x0000000800000000)
  region size 2048K, 5 young (10240K), 5 survivors (10240K)
 Metaspace       used 82601K, committed 83136K, reserved 1179648K
  class space    used 11443K, committed 11712K, reserved 1048576K
}

