# JRE version: Java(TM) SE Runtime Environment (25.0.2+10) (build 25.0.2+10-LTS-69)
# Java VM: Java HotSpot(TM) 64-Bit Server VM (25.0.2+10-LTS-69, mixed mode, sharing, tiered, compressed oops, compressed class ptrs, g1 gc, windows-amd64)
GC Precious Log:
 CardTable entry size: 512
 Card Set container configuration: InlinePtr #cards 4 size 8 Array Of Cards #cards 16 size 48 Howl #buckets 8 coarsen threshold 3686 Howl Bitmap #cards 512 size 80 coarsen threshold 460 Card regions per heap region 1 cards per card region 4096
 CPUs: 12 total, 12 available
 Memory: 16310M
 Large Page Support: Disabled
 NUMA Support: Disabled
 Compressed Oops: Enabled (Zero based)
 Heap Region Size: 2M
 Heap Min Capacity: 8M
 Heap Initial Capacity: 256M
 Heap Max Capacity: 4078M
 Pre-touch: Disabled
 Parallel Workers: 10
 Concurrent Workers: 3
 Concurrent Refinement Workers: 10
 Periodic GC: Disabled
Heap:
 garbage-first heap   total reserved 4175872K, committed 71680K, used 20094K [0x0000000701200000, 0x0000000800000000)
  region size 2048K, 4 young (8192K), 2 survivors (4096K)
GC Heap Usage History (12 events):
Event: 0.856 {heap Before GC invocations=0 (full 0):
 garbage-first heap   total reserved 4175872K, committed 264192K, used 50325K [0x0000000701200000, 0x0000000800000000)
  region size 2048K, 24 young (49152K), 0 survivors (0K)
}
Event: 0.861 {heap After GC invocations=1 (full 0):
 garbage-first heap   total reserved 4175872K, committed 264192K, used 7437K [0x0000000701200000, 0x0000000800000000)
  region size 2048K, 3 young (6144K), 3 survivors (6144K)
}
Event: 1.552 {heap Before GC invocations=1 (full 0):
 garbage-first heap   total reserved 4175872K, committed 264192K, used 50445K [0x0000000701200000, 0x0000000800000000)
  region size 2048K, 25 young (51200K), 3 survivors (6144K)
}
Event: 1.562 {heap After GC invocations=2 (full 0):
 garbage-first heap   total reserved 4175872K, committed 264192K, used 12002K [0x0000000701200000, 0x0000000800000000)
  region size 2048K, 6 young (12288K), 6 survivors (12288K)
}
Event: 2.184 {heap Before GC invocations=3 (full 0):
 garbage-first heap   total reserved 4175872K, committed 55296K, used 50914K [0x0000000701200000, 0x0000000800000000)
  region size 2048K, 25 young (51200K), 6 survivors (12288K)
}
Event: 2.191 {heap After GC invocations=4 (full 0):
 garbage-first heap   total reserved 4175872K, committed 71680K, used 16017K [0x0000000701200000, 0x0000000800000000)
  region size 2048K, 8 young (16384K), 8 survivors (16384K)
}
Event: 2.528 {heap Before GC invocations=4 (full 0):
 garbage-first heap   total reserved 4175872K, committed 71680K, used 42641K [0x0000000701200000, 0x0000000800000000)
  region size 2048K, 21 young (43008K), 8 survivors (16384K)
}
Event: 2.535 {heap After GC invocations=5 (full 0):
 garbage-first heap   total reserved 4175872K, committed 71680K, used 17488K [0x0000000701200000, 0x0000000800000000)
  region size 2048K, 2 young (4096K), 2 survivors (4096K)
}
Event: 2.830 {heap Before GC invocations=5 (full 0):
 garbage-first heap   total reserved 4175872K, committed 71680K, used 48208K [0x0000000701200000, 0x0000000800000000)
  region size 2048K, 17 young (34816K), 2 survivors (4096K)
}
Event: 2.832 {heap After GC invocations=6 (full 0):
 garbage-first heap   total reserved 4175872K, committed 71680K, used 17590K [0x0000000701200000, 0x0000000800000000)
  region size 2048K, 2 young (4096K), 2 survivors (4096K)
}
Event: 163.663 {heap Before GC invocations=6 (full 0):
 garbage-first heap   total reserved 4175872K, committed 71680K, used 25782K [0x0000000701200000, 0x0000000800000000)
  region size 2048K, 7 young (14336K), 2 survivors (4096K)
}
Event: 163.666 {heap After GC invocations=7 (full 0):
 garbage-first heap   total reserved 4175872K, committed 71680K, used 18046K [0x0000000701200000, 0x0000000800000000)
  region size 2048K, 2 young (4096K), 2 survivors (4096K)
}

