# JRE version: OpenJDK Runtime Environment Microsoft-13106358 (17.0.18+8) (build 17.0.18+8-LTS)
# Java VM: OpenJDK 64-Bit Server VM Microsoft-13106358 (17.0.18+8-LTS, mixed mode, sharing, tiered, compressed oops, compressed class ptrs, g1 gc, windows-amd64)
GC Precious Log:
 CPUs: 12 total, 12 available
 Memory: 16310M
 Large Page Support: Disabled
 NUMA Support: Disabled
 Compressed Oops: Enabled (Zero based)
 Heap Region Size: 2M
 Heap Min Capacity: 8M
 Heap Initial Capacity: 256M
 Heap Max Capacity: 4078M
 Pre-touch: Disabled
 Parallel Workers: 10
 Concurrent Workers: 3
 Concurrent Refinement Workers: 10
 Periodic GC: Disabled
Heap:
 garbage-first heap   total 92160K, used 43005K [0x0000000701200000, 0x0000000800000000)
  region size 2048K, 6 young (12288K), 2 survivors (4096K)
 Metaspace       used 78385K, committed 78912K, reserved 1179648K
  class space    used 10840K, committed 11072K, reserved 1048576K
GC Heap History (20 events):
Event: 1.921 GC heap before
{Heap before GC invocations=3 (full 0):
 garbage-first heap   total 262144K, used 27070K [0x0000000701200000, 0x0000000800000000)
  region size 2048K, 10 young (20480K), 4 survivors (8192K)
 Metaspace       used 21222K, committed 21504K, reserved 1114112K
  class space    used 2626K, committed 2752K, reserved 1048576K
}
Event: 1.925 GC heap after
{Heap after GC invocations=4 (full 0):
 garbage-first heap   total 262144K, used 17529K [0x0000000701200000, 0x0000000800000000)
  region size 2048K, 4 young (8192K), 4 survivors (8192K)
 Metaspace       used 21222K, committed 21504K, reserved 1114112K
  class space    used 2626K, committed 2752K, reserved 1048576K
}
Event: 2.239 GC heap before
{Heap before GC invocations=5 (full 0):
 garbage-first heap   total 75776K, used 54393K [0x0000000701200000, 0x0000000800000000)
  region size 2048K, 22 young (45056K), 4 survivors (8192K)
 Metaspace       used 28460K, committed 28864K, reserved 1114112K
  class space    used 3600K, committed 3776K, reserved 1048576K
}
Event: 2.246 GC heap after
{Heap after GC invocations=6 (full 0):
 garbage-first heap   total 75776K, used 20407K [0x0000000701200000, 0x0000000800000000)
  region size 2048K, 2 young (4096K), 2 survivors (4096K)
 Metaspace       used 28460K, committed 28864K, reserved 1114112K
  class space    used 3600K, committed 3776K, reserved 1048576K
}
Event: 2.592 GC heap before
{Heap before GC invocations=6 (full 0):
 garbage-first heap   total 75776K, used 49079K [0x0000000701200000, 0x0000000800000000)
  region size 2048K, 17 young (34816K), 2 survivors (4096K)
 Metaspace       used 31279K, committed 31680K, reserved 1114112K
  class space    used 3926K, committed 4096K, reserved 1048576K
}
Event: 2.596 GC heap after
{Heap after GC invocations=7 (full 0):
 garbage-first heap   total 75776K, used 22993K [0x0000000701200000, 0x0000000800000000)
  region size 2048K, 3 young (6144K), 3 survivors (6144K)
 Metaspace       used 31279K, committed 31680K, reserved 1114112K
  class space    used 3926K, committed 4096K, reserved 1048576K
}
Event: 3.107 GC heap before
{Heap before GC invocations=7 (full 0):
 garbage-first heap   total 75776K, used 51665K [0x0000000701200000, 0x0000000800000000)
  region size 2048K, 18 young (36864K), 3 survivors (6144K)
 Metaspace       used 35778K, committed 36160K, reserved 1114112K
  class space    used 4633K, committed 4800K, reserved 1048576K
}
Event: 3.113 GC heap after
{Heap after GC invocations=8 (full 0):
 garbage-first heap   total 92160K, used 24539K [0x0000000701200000, 0x0000000800000000)
  region size 2048K, 3 young (6144K), 3 survivors (6144K)
 Metaspace       used 35778K, committed 36160K, reserved 1114112K
  class space    used 4633K, committed 4800K, reserved 1048576K
}
Event: 3.773 GC heap before
{Heap before GC invocations=9 (full 0):
 garbage-first heap   total 92160K, used 65499K [0x0000000701200000, 0x0000000800000000)
  region size 2048K, 23 young (47104K), 3 survivors (6144K)
 Metaspace       used 41079K, committed 41536K, reserved 1114112K
  class space    used 5398K, committed 5632K, reserved 1048576K
}
Event: 3.782 GC heap after
{Heap after GC invocations=10 (full 0):
 garbage-first heap   total 92160K, used 28305K [0x0000000701200000, 0x0000000800000000)
  region size 2048K, 3 young (6144K), 3 survivors (6144K)
 Metaspace       used 41079K, committed 41536K, reserved 1114112K
  class space    used 5398K, committed 5632K, reserved 1048576K
}
Event: 6.774 GC heap before
{Heap before GC invocations=10 (full 0):
 garbage-first heap   total 92160K, used 67217K [0x0000000701200000, 0x0000000800000000)
  region size 2048K, 22 young (45056K), 3 survivors (6144K)
 Metaspace       used 51099K, committed 51648K, reserved 1114112K
  class space    used 6586K, committed 6848K, reserved 1048576K
}
Event: 6.779 GC heap after
{Heap after GC invocations=11 (full 0):
 garbage-first heap   total 92160K, used 31293K [0x0000000701200000, 0x0000000800000000)
  region size 2048K, 2 young (4096K), 2 survivors (4096K)
 Metaspace       used 51099K, committed 51648K, reserved 1114112K
  class space    used 6586K, committed 6848K, reserved 1048576K
}
Event: 7.742 GC heap before
{Heap before GC invocations=11 (full 0):
 garbage-first heap   total 92160K, used 68157K [0x0000000701200000, 0x0000000800000000)
  region size 2048K, 20 young (40960K), 2 survivors (4096K)
 Metaspace       used 59733K, committed 60224K, reserved 1114112K
  class space    used 8074K, committed 8320K, reserved 1048576K
}
Event: 7.746 GC heap after
{Heap after GC invocations=12 (full 0):
 garbage-first heap   total 92160K, used 33057K [0x0000000701200000, 0x0000000800000000)
  region size 2048K, 3 young (6144K), 3 survivors (6144K)
 Metaspace       used 59733K, committed 60224K, reserved 1114112K
  class space    used 8074K, committed 8320K, reserved 1048576K
}
Event: 7.864 GC heap before
{Heap before GC invocations=12 (full 0):
 garbage-first heap   total 92160K, used 33057K [0x0000000701200000, 0x0000000800000000)
  region size 2048K, 4 young (8192K), 3 survivors (6144K)
 Metaspace       used 60015K, committed 60480K, reserved 1114112K
  class space    used 8123K, committed 8384K, reserved 1048576K
}
Event: 7.867 GC heap after
{Heap after GC invocations=13 (full 0):
 garbage-first heap   total 92160K, used 33382K [0x0000000701200000, 0x0000000800000000)
  region size 2048K, 2 young (4096K), 2 survivors (4096K)
 Metaspace       used 60015K, committed 60480K, reserved 1114112K
  class space    used 8123K, committed 8384K, reserved 1048576K
}
Event: 8.409 GC heap before
{Heap before GC invocations=14 (full 0):
 garbage-first heap   total 92160K, used 68198K [0x0000000701200000, 0x0000000800000000)
  region size 2048K, 20 young (40960K), 2 survivors (4096K)
 Metaspace       used 69312K, committed 69824K, reserved 1114112K
  class space    used 9498K, committed 9728K, reserved 1048576K
}
Event: 8.411 GC heap after
{Heap after GC invocations=15 (full 0):
 garbage-first heap   total 92160K, used 34858K [0x0000000701200000, 0x0000000800000000)
  region size 2048K, 2 young (4096K), 2 survivors (4096K)
 Metaspace       used 69312K, committed 69824K, reserved 1114112K
  class space    used 9498K, committed 9728K, reserved 1048576K
}
Event: 8.898 GC heap before
{Heap before GC invocations=15 (full 0):
 garbage-first heap   total 92160K, used 71722K [0x0000000701200000, 0x0000000800000000)
  region size 2048K, 20 young (40960K), 2 survivors (4096K)
 Metaspace       used 76391K, committed 76992K, reserved 1179648K
  class space    used 10600K, committed 10880K, reserved 1048576K
}
Event: 8.901 GC heap after
{Heap after GC invocations=16 (full 0):
 garbage-first heap   total 92160K, used 36861K [0x0000000701200000, 0x0000000800000000)
  region size 2048K, 2 young (4096K), 2 survivors (4096K)
 Metaspace       used 76391K, committed 76992K, reserved 1179648K
  class space    used 10600K, committed 10880K, reserved 1048576K
}

