# JRE version: OpenJDK Runtime Environment Microsoft-13106358 (17.0.18+8) (build 17.0.18+8-LTS)
# Java VM: OpenJDK 64-Bit Server VM Microsoft-13106358 (17.0.18+8-LTS, mixed mode, sharing, tiered, compressed oops, compressed class ptrs, g1 gc, windows-amd64)
GC Precious Log:
 CPUs: 12 total, 12 available
 Memory: 16310M
 Large Page Support: Disabled
 NUMA Support: Disabled
 Compressed Oops: Enabled (Zero based)
 Heap Region Size: 2M
 Heap Min Capacity: 8M
 Heap Initial Capacity: 256M
 Heap Max Capacity: 4078M
 Pre-touch: Disabled
 Parallel Workers: 10
 Concurrent Workers: 3
 Concurrent Refinement Workers: 10
 Periodic GC: Disabled
Heap:
 garbage-first heap   total 94208K, used 46977K [0x0000000701200000, 0x0000000800000000)
  region size 2048K, 13 young (26624K), 3 survivors (6144K)
 Metaspace       used 44102K, committed 44608K, reserved 1114112K
  class space    used 5780K, committed 6016K, reserved 1048576K
GC Heap History (16 events):
Event: 0.474 GC heap before
{Heap before GC invocations=0 (full 0):
 garbage-first heap   total 262144K, used 22528K [0x0000000701200000, 0x0000000800000000)
  region size 2048K, 11 young (22528K), 0 survivors (0K)
 Metaspace       used 3872K, committed 4032K, reserved 1114112K
  class space    used 416K, committed 512K, reserved 1048576K
}
Event: 0.477 GC heap after
{Heap after GC invocations=1 (full 0):
 garbage-first heap   total 262144K, used 9254K [0x0000000701200000, 0x0000000800000000)
  region size 2048K, 2 young (4096K), 2 survivors (4096K)
 Metaspace       used 3872K, committed 4032K, reserved 1114112K
  class space    used 416K, committed 512K, reserved 1048576K
}
Event: 0.658 GC heap before
{Heap before GC invocations=1 (full 0):
 garbage-first heap   total 262144K, used 27686K [0x0000000701200000, 0x0000000800000000)
  region size 2048K, 12 young (24576K), 2 survivors (4096K)
 Metaspace       used 6729K, committed 6912K, reserved 1114112K
  class space    used 736K, committed 832K, reserved 1048576K
}
Event: 0.662 GC heap after
{Heap after GC invocations=2 (full 0):
 garbage-first heap   total 262144K, used 13364K [0x0000000701200000, 0x0000000800000000)
  region size 2048K, 2 young (4096K), 2 survivors (4096K)
 Metaspace       used 6729K, committed 6912K, reserved 1114112K
  class space    used 736K, committed 832K, reserved 1048576K
}
Event: 1.556 GC heap before
{Heap before GC invocations=2 (full 0):
 garbage-first heap   total 262144K, used 60468K [0x0000000701200000, 0x0000000800000000)
  region size 2048K, 25 young (51200K), 2 survivors (4096K)
 Metaspace       used 18706K, committed 19072K, reserved 1114112K
  class space    used 2250K, committed 2432K, reserved 1048576K
}
Event: 1.559 GC heap after
{Heap after GC invocations=3 (full 0):
 garbage-first heap   total 262144K, used 16745K [0x0000000701200000, 0x0000000800000000)
  region size 2048K, 4 young (8192K), 4 survivors (8192K)
 Metaspace       used 18706K, committed 19072K, reserved 1114112K
  class space    used 2250K, committed 2432K, reserved 1048576K
}
Event: 1.671 GC heap before
{Heap before GC invocations=3 (full 0):
 garbage-first heap   total 262144K, used 26985K [0x0000000701200000, 0x0000000800000000)
  region size 2048K, 10 young (20480K), 4 survivors (8192K)
 Metaspace       used 21210K, committed 21504K, reserved 1114112K
  class space    used 2624K, committed 2752K, reserved 1048576K
}
Event: 1.675 GC heap after
{Heap after GC invocations=4 (full 0):
 garbage-first heap   total 262144K, used 17519K [0x0000000701200000, 0x0000000800000000)
  region size 2048K, 4 young (8192K), 4 survivors (8192K)
 Metaspace       used 21210K, committed 21504K, reserved 1114112K
  class space    used 2624K, committed 2752K, reserved 1048576K
}
Event: 1.994 GC heap before
{Heap before GC invocations=5 (full 0):
 garbage-first heap   total 69632K, used 60527K [0x0000000701200000, 0x0000000800000000)
  region size 2048K, 25 young (51200K), 4 survivors (8192K)
 Metaspace       used 29809K, committed 30272K, reserved 1114112K
  class space    used 3740K, committed 3968K, reserved 1048576K
}
Event: 2.001 GC heap after
{Heap after GC invocations=6 (full 0):
 garbage-first heap   total 73728K, used 20787K [0x0000000701200000, 0x0000000800000000)
  region size 2048K, 4 young (8192K), 4 survivors (8192K)
 Metaspace       used 29809K, committed 30272K, reserved 1114112K
  class space    used 3740K, committed 3968K, reserved 1048576K
}
Event: 2.379 GC heap before
{Heap before GC invocations=6 (full 0):
 garbage-first heap   total 73728K, used 49459K [0x0000000701200000, 0x0000000800000000)
  region size 2048K, 18 young (36864K), 4 survivors (8192K)
 Metaspace       used 31933K, committed 32320K, reserved 1114112K
  class space    used 4022K, committed 4224K, reserved 1048576K
}
Event: 2.385 GC heap after
{Heap after GC invocations=7 (full 0):
 garbage-first heap   total 73728K, used 22575K [0x0000000701200000, 0x0000000800000000)
  region size 2048K, 3 young (6144K), 3 survivors (6144K)
 Metaspace       used 31933K, committed 32320K, reserved 1114112K
  class space    used 4022K, committed 4224K, reserved 1048576K
}
Event: 2.811 GC heap before
{Heap before GC invocations=7 (full 0):
 garbage-first heap   total 73728K, used 45103K [0x0000000701200000, 0x0000000800000000)
  region size 2048K, 16 young (32768K), 3 survivors (6144K)
 Metaspace       used 35710K, committed 36160K, reserved 1114112K
  class space    used 4637K, committed 4864K, reserved 1048576K
}
Event: 2.819 GC heap after
{Heap after GC invocations=8 (full 0):
 garbage-first heap   total 94208K, used 24338K [0x0000000701200000, 0x0000000800000000)
  region size 2048K, 2 young (4096K), 2 survivors (4096K)
 Metaspace       used 35710K, committed 36160K, reserved 1114112K
  class space    used 4637K, committed 4864K, reserved 1048576K
}
Event: 3.504 GC heap before
{Heap before GC invocations=9 (full 0):
 garbage-first heap   total 94208K, used 67346K [0x0000000701200000, 0x0000000800000000)
  region size 2048K, 23 young (47104K), 2 survivors (4096K)
 Metaspace       used 41497K, committed 41984K, reserved 1114112K
  class space    used 5450K, committed 5696K, reserved 1048576K
}
Event: 3.515 GC heap after
{Heap after GC invocations=10 (full 0):
 garbage-first heap   total 94208K, used 28545K [0x0000000701200000, 0x0000000800000000)
  region size 2048K, 3 young (6144K), 3 survivors (6144K)
 Metaspace       used 41497K, committed 41984K, reserved 1114112K
  class space    used 5450K, committed 5696K, reserved 1048576K
}

